#
# There is insufficient memory for the Java Runtime Environment to continue.
# Native memory allocation (malloc) failed to allocate 131088 bytes for Chunk::new
# Possible reasons:
#   The system is out of physical RAM or swap space
#   In 32 bit mode, the process size limit was hit
# Possible solutions:
#   Reduce memory load on the system
#   Increase physical memory or swap space
#   Check if swap backing store is full
#   Use 64 bit Java on a 64 bit OS
#   Decrease Java heap size (-Xmx/-Xms)
#   Decrease number of Java threads
#   Decrease Java thread stack sizes (-Xss)
#   Set larger code cache with -XX:ReservedCodeCacheSize=
# This output file may be truncated or incomplete.
#
#  Out of Memory Error (allocation.cpp:390), pid=7724, tid=0x000000000000564c
#
# JRE version: Java(TM) SE Runtime Environment (8.0_181-b13) (build 1.8.0_181-b13)
# Java VM: Java HotSpot(TM) 64-Bit Server VM (25.181-b13 mixed mode windows-amd64 compressed oops)
# Failed to write core dump. Minidumps are not enabled by default on client versions of Windows
#

---------------  T H R E A D  ---------------

Current thread (0x0000000014efb000):  JavaThread "C2 CompilerThread0" daemon [_thread_in_native, id=22092, stack(0x0000000016540000,0x0000000016640000)]

Stack: [0x0000000016540000,0x0000000016640000]
[error occurred during error reporting (printing stack bounds), id 0xc0000005]

Native frames: (J=compiled Java code, j=interpreted, Vv=VM code, C=native code)


Current CompileTask:
C2:  12937 2753       4       org.springframework.asm.ClassReader::readCode (5085 bytes)


---------------  P R O C E S S  ---------------

Java Threads: ( => current thread )
  0x000000001688d000 JavaThread "restartedMain" [_thread_in_vm, id=16988, stack(0x0000000018850000,0x0000000018950000)]
  0x0000000017318800 JavaThread "Thread-0" [_thread_blocked, id=16076, stack(0x0000000018750000,0x0000000018850000)]
  0x0000000016858800 JavaThread "Service Thread" daemon [_thread_blocked, id=29408, stack(0x0000000016c40000,0x0000000016d40000)]
  0x0000000014f01000 JavaThread "C1 CompilerThread2" daemon [_thread_blocked, id=13648, stack(0x0000000016740000,0x0000000016840000)]
  0x0000000014efe000 JavaThread "C2 CompilerThread1" daemon [_thread_blocked, id=13700, stack(0x0000000016640000,0x0000000016740000)]
=>0x0000000014efb000 JavaThread "C2 CompilerThread0" daemon [_thread_in_native, id=22092, stack(0x0000000016540000,0x0000000016640000)]
  0x0000000014ef5800 JavaThread "Attach Listener" daemon [_thread_blocked, id=27856, stack(0x0000000016440000,0x0000000016540000)]
  0x0000000014ef2800 JavaThread "Signal Dispatcher" daemon [_thread_blocked, id=6264, stack(0x0000000016340000,0x0000000016440000)]
  0x0000000014edc800 JavaThread "Finalizer" daemon [_thread_blocked, id=5936, stack(0x0000000016140000,0x0000000016240000)]
  0x0000000002946000 JavaThread "Reference Handler" daemon [_thread_blocked, id=28176, stack(0x0000000016040000,0x0000000016140000)]
  0x0000000002856800 JavaThread "main" [_thread_blocked, id=21492, stack(0x0000000002650000,0x0000000002750000)]

Other Threads:
  0x0000000014eb8000 VMThread [stack: 0x0000000015f40000,0x0000000016040000] [id=7076]
  0x0000000014f4e800 WatcherThread [stack: 0x0000000016d40000,0x0000000016e40000] [id=15004]

VM state:not at safepoint (normal execution)

VM Mutex/Monitor currently owned by a thread: None

Heap:
 PSYoungGen      total 134656K, used 50408K [0x00000000eb580000, 0x00000000f9c80000, 0x0000000100000000)
  eden space 125440K, 34% used [0x00000000eb580000,0x00000000edff0db0,0x00000000f3000000)
  from space 9216K, 75% used [0x00000000f3000000,0x00000000f36c9628,0x00000000f3900000)
  to   space 9728K, 0% used [0x00000000f9300000,0x00000000f9300000,0x00000000f9c80000)
 ParOldGen       total 36864K, used 12355K [0x00000000c2000000, 0x00000000c4400000, 0x00000000eb580000)
  object space 36864K, 33% used [0x00000000c2000000,0x00000000c2c10ea0,0x00000000c4400000)
 Metaspace       used 26950K, capacity 28064K, committed 28160K, reserved 1073152K
  class space    used 3513K, capacity 3799K, committed 3840K, reserved 1048576K

Card table byte_map: [0x0000000011d10000,0x0000000011f10000] byte_map_base: 0x0000000011700000

Marking Bits: (ParMarkBitMap*) 0x0000000059ec2d00
 Begin Bits: [0x0000000012460000, 0x00000000133e0000)
 End Bits:   [0x00000000133e0000, 0x0000000014360000)

Polling page: 0x0000000000ec0000

CodeCache: size=245760Kb used=9987Kb max_used=9987Kb free=235772Kb
 bounds [0x0000000002950000, 0x0000000003320000, 0x0000000011950000]
 total_blobs=3091 nmethods=2703 adapters=300
 compilation: enabled

Compilation events (10 events):
Event: 12.892 Thread 0x0000000014f01000 2778       3       java.lang.Class::getDeclaredMethods (18 bytes)
Event: 12.892 Thread 0x0000000014f01000 nmethod 2778 0x000000000330c910 code [0x000000000330caa0, 0x000000000330ccd8]
Event: 12.892 Thread 0x0000000014f01000 2779       3       java.lang.reflect.AccessibleObject::getAnnotations (5 bytes)
Event: 12.893 Thread 0x0000000014f01000 nmethod 2779 0x000000000330c510 code [0x000000000330c680, 0x000000000330c888]
Event: 12.893 Thread 0x0000000014f01000 2780       3       java.util.Collections$EmptyMap::values (4 bytes)
Event: 12.893 Thread 0x0000000014f01000 nmethod 2780 0x000000000330c150 code [0x000000000330c2c0, 0x000000000330c470]
Event: 12.912 Thread 0x0000000014f01000 2781       3       java.util.Collections$EmptySet::toArray (11 bytes)
Event: 12.913 Thread 0x0000000014f01000 nmethod 2781 0x000000000330bbd0 code [0x000000000330bd40, 0x000000000330c030]
Event: 12.915 Thread 0x0000000014f01000 2782   !   3       org.springframework.core.annotation.AnnotatedElementUtils::searchWithGetSemantics (178 bytes)
Event: 12.917 Thread 0x0000000014f01000 nmethod 2782 0x00000000033153d0 code [0x0000000003315680, 0x0000000003316818]

GC Heap History (10 events):
Event: 7.488 GC heap before
{Heap before GC invocations=4 (full 0):
 PSYoungGen      total 34304K, used 34174K [0x00000000eb580000, 0x00000000ef880000, 0x0000000100000000)
  eden space 31744K, 100% used [0x00000000eb580000,0x00000000ed480000,0x00000000ed480000)
  from space 2560K, 94% used [0x00000000ed480000,0x00000000ed6df900,0x00000000ed700000)
  to   space 2560K, 0% used [0x00000000ef600000,0x00000000ef600000,0x00000000ef880000)
 ParOldGen       total 42496K, used 1732K [0x00000000c2000000, 0x00000000c4980000, 0x00000000eb580000)
  object space 42496K, 4% used [0x00000000c2000000,0x00000000c21b1200,0x00000000c4980000)
 Metaspace       used 10784K, capacity 11092K, committed 11136K, reserved 1058816K
  class space    used 1277K, capacity 1373K, committed 1408K, reserved 1048576K
Event: 7.495 GC heap after
Heap after GC invocations=4 (full 0):
 PSYoungGen      total 66048K, used 2549K [0x00000000eb580000, 0x00000000ef880000, 0x0000000100000000)
  eden space 63488K, 0% used [0x00000000eb580000,0x00000000eb580000,0x00000000ef380000)
  from space 2560K, 99% used [0x00000000ef600000,0x00000000ef87d480,0x00000000ef880000)
  to   space 2560K, 0% used [0x00000000ef380000,0x00000000ef380000,0x00000000ef600000)
 ParOldGen       total 42496K, used 4084K [0x00000000c2000000, 0x00000000c4980000, 0x00000000eb580000)
  object space 42496K, 9% used [0x00000000c2000000,0x00000000c23fd170,0x00000000c4980000)
 Metaspace       used 10784K, capacity 11092K, committed 11136K, reserved 1058816K
  class space    used 1277K, capacity 1373K, committed 1408K, reserved 1048576K
}
Event: 8.265 GC heap before
{Heap before GC invocations=5 (full 0):
 PSYoungGen      total 66048K, used 66037K [0x00000000eb580000, 0x00000000ef880000, 0x0000000100000000)
  eden space 63488K, 100% used [0x00000000eb580000,0x00000000ef380000,0x00000000ef380000)
  from space 2560K, 99% used [0x00000000ef600000,0x00000000ef87d480,0x00000000ef880000)
  to   space 2560K, 0% used [0x00000000ef380000,0x00000000ef380000,0x00000000ef600000)
 ParOldGen       total 42496K, used 4084K [0x00000000c2000000, 0x00000000c4980000, 0x00000000eb580000)
  object space 42496K, 9% used [0x00000000c2000000,0x00000000c23fd170,0x00000000c4980000)
 Metaspace       used 15122K, capacity 15610K, committed 15744K, reserved 1062912K
  class space    used 1990K, capacity 2127K, committed 2176K, reserved 1048576K
Event: 8.277 GC heap after
Heap after GC invocations=5 (full 0):
 PSYoungGen      total 66048K, used 2534K [0x00000000eb580000, 0x00000000f4080000, 0x0000000100000000)
  eden space 63488K, 0% used [0x00000000eb580000,0x00000000eb580000,0x00000000ef380000)
  from space 2560K, 99% used [0x00000000ef380000,0x00000000ef5f9a08,0x00000000ef600000)
  to   space 7680K, 0% used [0x00000000f3900000,0x00000000f3900000,0x00000000f4080000)
 ParOldGen       total 42496K, used 8510K [0x00000000c2000000, 0x00000000c4980000, 0x00000000eb580000)
  object space 42496K, 20% used [0x00000000c2000000,0x00000000c284fa10,0x00000000c4980000)
 Metaspace       used 15122K, capacity 15610K, committed 15744K, reserved 1062912K
  class space    used 1990K, capacity 2127K, committed 2176K, reserved 1048576K
}
Event: 8.857 GC heap before
{Heap before GC invocations=6 (full 0):
 PSYoungGen      total 66048K, used 56910K [0x00000000eb580000, 0x00000000f4080000, 0x0000000100000000)
  eden space 63488K, 85% used [0x00000000eb580000,0x00000000eea99fe8,0x00000000ef380000)
  from space 2560K, 99% used [0x00000000ef380000,0x00000000ef5f9a08,0x00000000ef600000)
  to   space 7680K, 0% used [0x00000000f3900000,0x00000000f3900000,0x00000000f4080000)
 ParOldGen       total 42496K, used 8510K [0x00000000c2000000, 0x00000000c4980000, 0x00000000eb580000)
  object space 42496K, 20% used [0x00000000c2000000,0x00000000c284fa10,0x00000000c4980000)
 Metaspace       used 20640K, capacity 21158K, committed 21296K, reserved 1067008K
  class space    used 2675K, capacity 2825K, committed 2944K, reserved 1048576K
Event: 8.874 GC heap after
Heap after GC invocations=6 (full 0):
 PSYoungGen      total 133120K, used 7651K [0x00000000eb580000, 0x00000000f4380000, 0x0000000100000000)
  eden space 125440K, 0% used [0x00000000eb580000,0x00000000eb580000,0x00000000f3000000)
  from space 7680K, 99% used [0x00000000f3900000,0x00000000f4078e20,0x00000000f4080000)
  to   space 9216K, 0% used [0x00000000f3000000,0x00000000f3000000,0x00000000f3900000)
 ParOldGen       total 42496K, used 9038K [0x00000000c2000000, 0x00000000c4980000, 0x00000000eb580000)
  object space 42496K, 21% used [0x00000000c2000000,0x00000000c28d3b78,0x00000000c4980000)
 Metaspace       used 20640K, capacity 21158K, committed 21296K, reserved 1067008K
  class space    used 2675K, capacity 2825K, committed 2944K, reserved 1048576K
}
Event: 8.874 GC heap before
{Heap before GC invocations=7 (full 1):
 PSYoungGen      total 133120K, used 7651K [0x00000000eb580000, 0x00000000f4380000, 0x0000000100000000)
  eden space 125440K, 0% used [0x00000000eb580000,0x00000000eb580000,0x00000000f3000000)
  from space 7680K, 99% used [0x00000000f3900000,0x00000000f4078e20,0x00000000f4080000)
  to   space 9216K, 0% used [0x00000000f3000000,0x00000000f3000000,0x00000000f3900000)
 ParOldGen       total 42496K, used 9038K [0x00000000c2000000, 0x00000000c4980000, 0x00000000eb580000)
  object space 42496K, 21% used [0x00000000c2000000,0x00000000c28d3b78,0x00000000c4980000)
 Metaspace       used 20640K, capacity 21158K, committed 21296K, reserved 1067008K
  class space    used 2675K, capacity 2825K, committed 2944K, reserved 1048576K
Event: 8.960 GC heap after
Heap after GC invocations=7 (full 1):
 PSYoungGen      total 133120K, used 0K [0x00000000eb580000, 0x00000000f4380000, 0x0000000100000000)
  eden space 125440K, 0% used [0x00000000eb580000,0x00000000eb580000,0x00000000f3000000)
  from space 7680K, 0% used [0x00000000f3900000,0x00000000f3900000,0x00000000f4080000)
  to   space 9216K, 0% used [0x00000000f3000000,0x00000000f3000000,0x00000000f3900000)
 ParOldGen       total 36864K, used 12283K [0x00000000c2000000, 0x00000000c4400000, 0x00000000eb580000)
  object space 36864K, 33% used [0x00000000c2000000,0x00000000c2bfee90,0x00000000c4400000)
 Metaspace       used 20638K, capacity 21152K, committed 21296K, reserved 1067008K
  class space    used 2674K, capacity 2824K, committed 2944K, reserved 1048576K
}
Event: 11.872 GC heap before
{Heap before GC invocations=8 (full 1):
 PSYoungGen      total 133120K, used 125440K [0x00000000eb580000, 0x00000000f4380000, 0x0000000100000000)
  eden space 125440K, 100% used [0x00000000eb580000,0x00000000f3000000,0x00000000f3000000)
  from space 7680K, 0% used [0x00000000f3900000,0x00000000f3900000,0x00000000f4080000)
  to   space 9216K, 0% used [0x00000000f3000000,0x00000000f3000000,0x00000000f3900000)
 ParOldGen       total 36864K, used 12283K [0x00000000c2000000, 0x00000000c4400000, 0x00000000eb580000)
  object space 36864K, 33% used [0x00000000c2000000,0x00000000c2bfee90,0x00000000c4400000)
 Metaspace       used 24786K, capacity 25638K, committed 25728K, reserved 1071104K
  class space    used 3204K, capacity 3442K, committed 3456K, reserved 1048576K
Event: 11.910 GC heap after
Heap after GC invocations=8 (full 1):
 PSYoungGen      total 134656K, used 6949K [0x00000000eb580000, 0x00000000f9c80000, 0x0000000100000000)
  eden space 125440K, 0% used [0x00000000eb580000,0x00000000eb580000,0x00000000f3000000)
  from space 9216K, 75% used [0x00000000f3000000,0x00000000f36c9628,0x00000000f3900000)
  to   space 9728K, 0% used [0x00000000f9300000,0x00000000f9300000,0x00000000f9c80000)
 ParOldGen       total 36864K, used 12355K [0x00000000c2000000, 0x00000000c4400000, 0x00000000eb580000)
  object space 36864K, 33% used [0x00000000c2000000,0x00000000c2c10ea0,0x00000000c4400000)
 Metaspace       used 24786K, capacity 25638K, committed 25728K, reserved 1071104K
  class space    used 3204K, capacity 3442K, committed 3456K, reserved 1048576K
}

Deoptimization events (10 events):
Event: 8.738 Thread 0x000000001688d000 Uncommon trap: reason=bimorphic action=maybe_recompile pc=0x0000000002dac104 method=java.util.HashMap.putVal(ILjava/lang/Object;Ljava/lang/Object;ZZ)Ljava/lang/Object; @ 203
Event: 9.168 Thread 0x0000000017391000 Uncommon trap: reason=unstable_if action=reinterpret pc=0x0000000002e92020 method=com.sun.org.apache.xerces.internal.impl.XMLEntityScanner.scanLiteral(ILcom/sun/org/apache/xerces/internal/xni/XMLString;Z)I @ 570
Event: 9.317 Thread 0x0000000017391000 Uncommon trap: reason=unstable_if action=reinterpret pc=0x0000000002ec2a1c method=com.sun.org.apache.xerces.internal.impl.XMLEntityScanner.skipSpaces()Z @ 125
Event: 9.341 Thread 0x0000000017391000 Uncommon trap: reason=unstable_if action=reinterpret pc=0x0000000002f37ad0 method=org.apache.tomcat.util.IntrospectionUtils.setProperty(Ljava/lang/Object;Ljava/lang/String;Ljava/lang/String;Z)Z @ 196
Event: 9.348 Thread 0x0000000017391000 Uncommon trap: reason=unstable_if action=reinterpret pc=0x0000000002f3e790 method=com.sun.org.apache.xerces.internal.util.SymbolTable.addSymbol([CII)Ljava/lang/String; @ 38
Event: 9.356 Thread 0x0000000017391000 Uncommon trap: reason=unstable_if action=reinterpret pc=0x0000000002ed8548 method=com.sun.org.apache.xerces.internal.util.SymbolTable.addSymbol([CII)Ljava/lang/String; @ 38
Event: 9.458 Thread 0x0000000017391000 Uncommon trap: reason=bimorphic action=maybe_recompile pc=0x0000000002dac104 method=java.util.HashMap.putVal(ILjava/lang/Object;Ljava/lang/Object;ZZ)Ljava/lang/Object; @ 203
Event: 12.437 Thread 0x000000001688d000 Uncommon trap: reason=class_check action=maybe_recompile pc=0x0000000003261d70 method=org.springframework.util.ConcurrentReferenceHashMap$Segment.findInChain(Lorg/springframework/util/ConcurrentReferenceHashMap$Reference;Ljava/lang/Object;I)Lorg/springfra
Event: 12.472 Thread 0x000000001688d000 Uncommon trap: reason=class_check action=maybe_recompile pc=0x0000000003261d70 method=org.springframework.util.ConcurrentReferenceHashMap$Segment.findInChain(Lorg/springframework/util/ConcurrentReferenceHashMap$Reference;Ljava/lang/Object;I)Lorg/springfra
Event: 12.484 Thread 0x000000001688d000 Uncommon trap: reason=class_check action=maybe_recompile pc=0x0000000003261d70 method=org.springframework.util.ConcurrentReferenceHashMap$Segment.findInChain(Lorg/springframework/util/ConcurrentReferenceHashMap$Reference;Ljava/lang/Object;I)Lorg/springfra

Classes redefined (0 events):
No events

Internal exceptions (10 events):
Event: 8.557 Thread 0x000000001688d000 Exception <a 'java/lang/ClassNotFoundException': org/springframework/context/ResourceLoaderAwareCustomizer> (0x00000000ed5511a0) thrown at [C:\re\workspace\8-2-build-windows-amd64-cygwin\jdk8u181\11358\hotspot\src\share\vm\classfile\systemDictionary.cpp, 
Event: 8.558 Thread 0x000000001688d000 Exception <a 'java/lang/ClassNotFoundException': org/springframework/beans/factory/AwareCustomizer> (0x00000000ed56b988) thrown at [C:\re\workspace\8-2-build-windows-amd64-cygwin\jdk8u181\11358\hotspot\src\share\vm\classfile\systemDictionary.cpp, line 210
Event: 8.559 Thread 0x000000001688d000 Exception <a 'java/lang/ClassNotFoundException': org/springframework/beans/factory/BeanClassLoaderAwareCustomizer> (0x00000000ed627960) thrown at [C:\re\workspace\8-2-build-windows-amd64-cygwin\jdk8u181\11358\hotspot\src\share\vm\classfile\systemDictionar
Event: 8.560 Thread 0x000000001688d000 Exception <a 'java/lang/ClassNotFoundException': org/springframework/beans/factory/AwareCustomizer> (0x00000000ed642160) thrown at [C:\re\workspace\8-2-build-windows-amd64-cygwin\jdk8u181\11358\hotspot\src\share\vm\classfile\systemDictionary.cpp, line 210
Event: 8.561 Thread 0x000000001688d000 Exception <a 'java/lang/ClassNotFoundException': org/springframework/context/EnvironmentAwareCustomizer> (0x00000000ed65d460) thrown at [C:\re\workspace\8-2-build-windows-amd64-cygwin\jdk8u181\11358\hotspot\src\share\vm\classfile\systemDictionary.cpp, lin
Event: 8.562 Thread 0x000000001688d000 Exception <a 'java/lang/ClassNotFoundException': org/springframework/beans/factory/AwareCustomizer> (0x00000000ed677b40) thrown at [C:\re\workspace\8-2-build-windows-amd64-cygwin\jdk8u181\11358\hotspot\src\share\vm\classfile\systemDictionary.cpp, line 210
Event: 8.612 Thread 0x000000001688d000 Exception <a 'java/lang/NoSuchMethodError': java.lang.Object.lambda$comparing$77a9974f$1(Ljava/util/function/Function;Ljava/lang/Object;Ljava/lang/Object;)I> (0x00000000edce46b8) thrown at [C:\re\workspace\8-2-build-windows-amd64-cygwin\jdk8u181\11358\hot
Event: 8.729 Thread 0x0000000017391000 Exception <a 'java/lang/IncompatibleClassChangeError': Found class java.lang.Object, but interface was expected> (0x00000000ee4cfc18) thrown at [C:\re\workspace\8-2-build-windows-amd64-cygwin\jdk8u181\11358\hotspot\src\share\vm\interpreter\linkResolver.cp
Event: 10.452 Thread 0x000000001688d000 Exception <a 'java/lang/IncompatibleClassChangeError': Found class java.lang.Object, but interface was expected> (0x00000000ed6228f0) thrown at [C:\re\workspace\8-2-build-windows-amd64-cygwin\jdk8u181\11358\hotspot\src\share\vm\interpreter\linkResolver.cp
Event: 12.524 Thread 0x000000001688d000 Exception <a 'java/lang/NoSuchMethodError': java.lang.Object.lambda$andThen$1(Ljava/util/function/Function;Ljava/lang/Object;)Ljava/lang/Object;> (0x00000000ecfb6570) thrown at [C:\re\workspace\8-2-build-windows-amd64-cygwin\jdk8u181\11358\hotspot\src\sha

Events (10 events):
Event: 12.920 loading class org/springframework/boot/autoconfigure/web/servlet/WebMvcProperties$View done
Event: 12.921 loading class org/springframework/boot/autoconfigure/web/servlet/WebMvcProperties$LocaleResolver
Event: 12.921 loading class org/springframework/boot/autoconfigure/web/servlet/WebMvcProperties$LocaleResolver done
Event: 12.922 loading class org/springframework/boot/autoconfigure/web/servlet/WebMvcProperties$Contentnegotiation
Event: 12.922 loading class org/springframework/boot/autoconfigure/web/servlet/WebMvcProperties$Contentnegotiation done
Event: 12.923 loading class org/springframework/validation/DefaultMessageCodesResolver$Format
Event: 12.923 loading class org/springframework/validation/DefaultMessageCodesResolver$Format done
Event: 12.926 loading class org/springframework/boot/autoconfigure/web/servlet/WebMvcProperties$Async
Event: 12.926 loading class org/springframework/boot/autoconfigure/web/servlet/WebMvcProperties$Async done
Event: 12.929 loading class org/springframework/boot/autoconfigure/web/servlet/WebMvcProperties$Pathmatch


Dynamic libraries:
0x00007ff66b6f0000 - 0x00007ff66b727000 	C:\Program Files\Java\jdk1.8.0_181\bin\javaw.exe
0x00007fff791a0000 - 0x00007fff79390000 	C:\WINDOWS\SYSTEM32\ntdll.dll
0x00007fff790a0000 - 0x00007fff79152000 	C:\WINDOWS\System32\KERNEL32.DLL
0x00007fff76d50000 - 0x00007fff76ff3000 	C:\WINDOWS\System32\KERNELBASE.dll
0x00007fff78ff0000 - 0x00007fff79093000 	C:\WINDOWS\System32\ADVAPI32.dll
0x00007fff789b0000 - 0x00007fff78a4e000 	C:\WINDOWS\System32\msvcrt.dll
0x00007fff781f0000 - 0x00007fff78287000 	C:\WINDOWS\System32\sechost.dll
0x00007fff78030000 - 0x00007fff78150000 	C:\WINDOWS\System32\RPCRT4.dll
0x00007fff783a0000 - 0x00007fff78533000 	C:\WINDOWS\System32\USER32.dll
0x00007fff768b0000 - 0x00007fff768d1000 	C:\WINDOWS\System32\win32u.dll
0x00007fff77400000 - 0x00007fff77426000 	C:\WINDOWS\System32\GDI32.dll
0x00007fff76ab0000 - 0x00007fff76c44000 	C:\WINDOWS\System32\gdi32full.dll
0x00007fff77060000 - 0x00007fff770fe000 	C:\WINDOWS\System32\msvcp_win.dll
0x00007fff76900000 - 0x00007fff769fa000 	C:\WINDOWS\System32\ucrtbase.dll
0x00007fff69ff0000 - 0x00007fff6a275000 	C:\WINDOWS\WinSxS\amd64_microsoft.windows.common-controls_6595b64144ccf1df_6.0.18362.356_none_e6c4af7d130f27cc\COMCTL32.dll
0x00007fff78cb0000 - 0x00007fff78fe6000 	C:\WINDOWS\System32\combase.dll
0x00007fff76a30000 - 0x00007fff76ab0000 	C:\WINDOWS\System32\bcryptPrimitives.dll
0x00007fff78ae0000 - 0x00007fff78b0e000 	C:\WINDOWS\System32\IMM32.DLL
0x0000000059f50000 - 0x000000005a022000 	C:\Program Files\Java\jdk1.8.0_181\jre\bin\msvcr100.dll
0x00000000596a0000 - 0x0000000059f42000 	C:\Program Files\Java\jdk1.8.0_181\jre\bin\server\jvm.dll
0x00007fff781d0000 - 0x00007fff781d8000 	C:\WINDOWS\System32\PSAPI.DLL
0x00007fff6bae0000 - 0x00007fff6bb04000 	C:\WINDOWS\SYSTEM32\WINMM.dll
0x00007fff6bab0000 - 0x00007fff6badd000 	C:\WINDOWS\SYSTEM32\WINMMBASE.dll
0x00007fff76c50000 - 0x00007fff76c9a000 	C:\WINDOWS\System32\cfgmgr32.dll
0x00007fff5f9b0000 - 0x00007fff5f9b9000 	C:\WINDOWS\SYSTEM32\WSOCK32.dll
0x00007fff6cb70000 - 0x00007fff6cb7a000 	C:\WINDOWS\SYSTEM32\VERSION.dll
0x00007fff776b0000 - 0x00007fff7771f000 	C:\WINDOWS\System32\WS2_32.dll
0x0000000059690000 - 0x000000005969f000 	C:\Program Files\Java\jdk1.8.0_181\jre\bin\verify.dll
0x0000000059660000 - 0x0000000059689000 	C:\Program Files\Java\jdk1.8.0_181\jre\bin\java.dll
0x0000000059640000 - 0x0000000059656000 	C:\Program Files\Java\jdk1.8.0_181\jre\bin\zip.dll
0x00007fff77780000 - 0x00007fff77e65000 	C:\WINDOWS\System32\SHELL32.dll
0x00007fff782f0000 - 0x00007fff78399000 	C:\WINDOWS\System32\shcore.dll
0x00007fff76130000 - 0x00007fff768ae000 	C:\WINDOWS\System32\windows.storage.dll
0x00007fff760a0000 - 0x00007fff760bf000 	C:\WINDOWS\System32\profapi.dll
0x00007fff760e0000 - 0x00007fff7612a000 	C:\WINDOWS\System32\powrprof.dll
0x00007fff76070000 - 0x00007fff76080000 	C:\WINDOWS\System32\UMPDC.dll
0x00007fff78290000 - 0x00007fff782e2000 	C:\WINDOWS\System32\shlwapi.dll
0x00007fff760c0000 - 0x00007fff760d1000 	C:\WINDOWS\System32\kernel.appcore.dll
0x00007fff768e0000 - 0x00007fff768f7000 	C:\WINDOWS\System32\cryptsp.dll
0x0000000059630000 - 0x000000005963d000 	C:\Program Files\Java\jdk1.8.0_181\jre\bin\management.dll
0x0000000059610000 - 0x000000005962a000 	C:\Program Files\Java\jdk1.8.0_181\jre\bin\net.dll
0x00007fff75880000 - 0x00007fff758e7000 	C:\WINDOWS\system32\mswsock.dll
0x00007fff50c30000 - 0x00007fff50c46000 	C:\WINDOWS\system32\napinsp.dll
0x00007fff50c10000 - 0x00007fff50c2a000 	C:\WINDOWS\system32\pnrpnsp.dll
0x00007fff755d0000 - 0x00007fff7569a000 	C:\WINDOWS\SYSTEM32\DNSAPI.dll
0x00007fff781e0000 - 0x00007fff781e8000 	C:\WINDOWS\System32\NSI.dll
0x00007fff75590000 - 0x00007fff755ca000 	C:\WINDOWS\SYSTEM32\IPHLPAPI.DLL
0x00007fff525e0000 - 0x00007fff525ee000 	C:\WINDOWS\System32\winrnr.dll
0x00007fff6eed0000 - 0x00007fff6eeec000 	C:\WINDOWS\system32\NLAapi.dll
0x00007fff714d0000 - 0x00007fff714e5000 	C:\WINDOWS\system32\wshbth.dll
0x00007fff6a330000 - 0x00007fff6a33a000 	C:\Windows\System32\rasadhlp.dll
0x00007fff6cb80000 - 0x00007fff6cbf7000 	C:\WINDOWS\System32\fwpuclnt.dll
0x00007fff76a00000 - 0x00007fff76a26000 	C:\WINDOWS\System32\bcrypt.dll
0x00000000595f0000 - 0x0000000059601000 	C:\Program Files\Java\jdk1.8.0_181\jre\bin\nio.dll

VM Arguments:
jvm_args: -Dfile.encoding=UTF-8 
java_command: com.sept.rest.webservices.restfulwebservices.RestfulWebServicesApplication
java_class_path (initial): C:\Program Files\Java\jdk1.8.0_181\jre\lib\resources.jar;C:\Program Files\Java\jdk1.8.0_181\jre\lib\rt.jar;C:\Program Files\Java\jdk1.8.0_181\jre\lib\jsse.jar;C:\Program Files\Java\jdk1.8.0_181\jre\lib\jce.jar;C:\Program Files\Java\jdk1.8.0_181\jre\lib\charsets.jar;C:\Program Files\Java\jdk1.8.0_181\jre\lib\jfr.jar;C:\Program Files\Java\jdk1.8.0_181\jre\lib\ext\access-bridge-64.jar;C:\Program Files\Java\jdk1.8.0_181\jre\lib\ext\cldrdata.jar;C:\Program Files\Java\jdk1.8.0_181\jre\lib\ext\dnsns.jar;C:\Program Files\Java\jdk1.8.0_181\jre\lib\ext\jaccess.jar;C:\Program Files\Java\jdk1.8.0_181\jre\lib\ext\jfxrt.jar;C:\Program Files\Java\jdk1.8.0_181\jre\lib\ext\localedata.jar;C:\Program Files\Java\jdk1.8.0_181\jre\lib\ext\nashorn.jar;C:\Program Files\Java\jdk1.8.0_181\jre\lib\ext\sunec.jar;C:\Program Files\Java\jdk1.8.0_181\jre\lib\ext\sunjce_provider.jar;C:\Program Files\Java\jdk1.8.0_181\jre\lib\ext\sunmscapi.jar;C:\Program Files\Java\jdk1.8.0_181\jre\lib\ext\sunpkcs11.jar;C:\Program Files\Java\jdk1.8.0_181\jre\lib\ext\zipfs.jar;C:\Users\Reuben\git\Bananarama\restful-web-services\target\classes;C:\Users\Reuben\.p2\pool\plugins\org.junit.jupiter.api_5.0.0.v20170910-2246.jar;C:\Users\Reuben\.p2\pool\plugins\org.junit.jupiter.engine_5.0.0.v20170910-2246.jar;C:\Users\Reuben\.p2\pool\plugins\org.junit.jupiter.migrationsupport_5.0.0.v20170910-2246.jar;C:\Users\Reuben\.p2\pool\plugins\org.junit.jupiter.params_5.0.0.v20170910-2246.jar;C:\Users\Reuben\.p2\pool\plugins\org.junit.platform.commons_1.0.0.v20170910-2246.jar;C:\Users\Reuben\.p2\pool\plugins\org.junit.platform.engine_1.0.0.v20170910-2246.jar;C:\Users\Reuben\.p2\pool\plugins\org.junit.platform.launcher_1.0.0.v20170910-2246.jar;C:\Users\Reuben\.p2\pool\plugins\org.junit.platform.runner_1.0.0.v20170910-2246.jar;C:\Users\Reuben\.p2\pool\plugins\org.junit.platform.suite.api_1.0.0.v20170910-2246.jar;C:\Users\Reuben\.p2\pool\plugins\org.junit.vintage.engine_4.12.0.v20170910-2246.jar;C:\Users\Reub
Launcher Type: SUN_STANDARD

Environment Variables:
PATH=C:/Program Files/Java/jre1.8.0_181/bin/server;C:/Program Files/Java/jre1.8.0_181/bin;C:/Program Files/Java/jre1.8.0_181/lib/amd64;C:\Program Files (x86)\Common Files\Oracle\Java\javapath;C:\Program Files (x86)\Intel\Intel(R) Management Engine Components\iCLS\;C:\Program Files\Intel\Intel(R) Management Engine Components\iCLS\;C:\WINDOWS\system32;C:\WINDOWS;C:\WINDOWS\System32\Wbem;C:\WINDOWS\System32\WindowsPowerShell\v1.0\;C:\Program Files (x86)\Intel\Intel(R) Management Engine Components\DAL;C:\Program Files\Intel\Intel(R) Management Engine Components\DAL;C:\Program Files (x86)\Intel\Intel(R) Management Engine Components\IPT;C:\Program Files\Intel\Intel(R) Management Engine Components\IPT;C:\Program Files (x86)\Brackets\command;C:\WINDOWS\System32\OpenSSH\;C:\Program Files\Intel\WiFi\bin\;C:\Program Files\Common Files\Intel\WirelessCommon\;C:\OpenSSL-Win64\bin;C:\Go\bin;C:\Program Files\PuTTY\;C:\Program Files\dotnet\;C:\Program Files\Git\cmd;C:\Program Files\nodejs\;C:\Users\Reuben\AppData\Local\Microsoft\WindowsApps;%GOPATH%\bin;C:\Users\Reuben\AppData\Local\Programs\Microsoft VS Code\bin;C:\Exercism;C:\Users\Reuben\AppData\Local\Google\Cloud SDK\google-cloud-sdk\bin;C:\Users\Reuben\AppData\Roaming\npm;;C:\WINDOWS\System32;
USERNAME=Reuben
OS=Windows_NT
PROCESSOR_IDENTIFIER=Intel64 Family 6 Model 142 Stepping 9, GenuineIntel



---------------  S Y S T E M  ---------------

OS: Windows 10.0 , 64 bit Build 18362 (10.0.18362.329)

CPU:total 4 (initial active 4) (2 cores per cpu, 2 threads per core) family 6 model 142 stepping 9, cmov, cx8, fxsr, mmx, sse, sse2, sse3, ssse3, sse4.1, sse4.2, popcnt, avx, avx2, aes, clmul, erms, 3dnowpref, lzcnt, ht, tsc, tscinvbit, bmi1, bmi2, adx

Memory: 4k page, physical 4057228k(156408k free), swap 16640140k(4708k free)

vm_info: Java HotSpot(TM) 64-Bit Server VM (25.181-b13) for windows-amd64 JRE (1.8.0_181-b13), built on Jul  7 2018 04:01:33 by "java_re" with MS VC++ 10.0 (VS2010)

time: Tue Oct 01 13:56:56 2019
elapsed time: 12 seconds (0d 0h 0m 12s)

