2019-08-22 10:07:29,570 [main] INFO  o.e.j.client.core.ClientTestImpl - adding IAUTEventListener org.eclipse.jubula.client.ui.rcp.controllers.TestExecutionContributor:org.eclipse.jubula.client.ui.rcp.controllers.TestExecutionContributor@3a571d3e
2019-08-22 10:07:54,751 [Worker-3] INFO  c.g.t.t.d.PublishedGradleVersions - Gradle version information cache is up-to-date. Trying to read.
2019-08-22 10:09:07,703 [Worker-10] INFO  o.e.m.c.i.l.LifecycleMappingFactory - Using org.eclipse.m2e.jdt.JarLifecycleMapping lifecycle mapping for MavenProject: com.sept.rest.webservices:restful-web-services:0.0.1-SNAPSHOT @ /home/blahblah/Downloads/bamarket/restful-web-services/pom.xml.
2019-08-22 10:09:23,081 [Worker-10] INFO  o.e.m.j.i.AbstractJavaProjectConfigurator - Adding source folder /restful-web-services/src/main/java
2019-08-22 10:09:23,082 [Worker-10] INFO  o.e.m.j.i.AbstractJavaProjectConfigurator - Adding resource folder /restful-web-services/src/main/resources
2019-08-22 10:09:23,083 [Worker-10] INFO  o.e.m.j.i.AbstractJavaProjectConfigurator - Adding resource folder /restful-web-services/src/main/resources
2019-08-22 10:09:23,084 [Worker-10] INFO  o.e.m.j.i.AbstractJavaProjectConfigurator - Adding source folder /restful-web-services/src/test/java
2019-08-22 10:09:23,445 [Worker-10] INFO  o.e.m.c.i.p.ProjectConfigurationManager - Imported and configured 1 project(s) in 27 sec
2019-08-22 10:09:26,105 [Worker-0] INFO  o.e.m.c.i.embedder.EclipseLogger - Using 'UTF-8' encoding to copy filtered resources.
2019-08-22 10:09:26,111 [Worker-0] INFO  o.e.m.c.i.embedder.EclipseLogger - Copying 1 resource
2019-08-22 10:09:26,127 [Worker-0] INFO  o.e.m.c.i.embedder.EclipseLogger - Copying 1 resource
2019-08-22 10:09:26,135 [Worker-0] INFO  o.e.m.c.i.embedder.EclipseLogger - Using 'UTF-8' encoding to copy filtered resources.
2019-08-22 10:09:26,135 [Worker-0] INFO  o.e.m.c.i.embedder.EclipseLogger - skip non existing resourceDirectory /home/blahblah/Downloads/bamarket/restful-web-services/src/test/resources
2019-08-22 10:10:59,524 [Worker-1] INFO  o.e.m.c.i.embedder.EclipseLogger - Using 'UTF-8' encoding to copy filtered resources.
2019-08-22 10:10:59,672 [Worker-1] INFO  o.e.m.c.i.embedder.EclipseLogger - Copying 0 resource
2019-08-22 10:10:59,673 [Worker-1] INFO  o.e.m.c.i.embedder.EclipseLogger - Copying 0 resource
2019-08-22 10:10:59,677 [Worker-1] INFO  o.e.m.c.i.embedder.EclipseLogger - Using 'UTF-8' encoding to copy filtered resources.
2019-08-22 10:10:59,677 [Worker-1] INFO  o.e.m.c.i.embedder.EclipseLogger - skip non existing resourceDirectory /home/blahblah/Downloads/bamarket/restful-web-services/src/test/resources
2019-08-22 10:11:30,141 [Worker-10] INFO  o.e.m.c.i.embedder.EclipseLogger - Using 'UTF-8' encoding to copy filtered resources.
2019-08-22 10:11:30,169 [Worker-10] INFO  o.e.m.c.i.embedder.EclipseLogger - Copying 1 resource
2019-08-22 10:11:30,170 [Worker-10] INFO  o.e.m.c.i.embedder.EclipseLogger - Copying 1 resource
2019-08-22 10:11:30,174 [Worker-10] INFO  o.e.m.c.i.embedder.EclipseLogger - Using 'UTF-8' encoding to copy filtered resources.
2019-08-22 10:11:30,174 [Worker-10] INFO  o.e.m.c.i.embedder.EclipseLogger - skip non existing resourceDirectory /home/blahblah/Downloads/bamarket/restful-web-services/src/test/resources
2019-08-22 10:11:43,177 [Worker-1] INFO  o.e.m.c.i.p.ProjectConfigurationManager - Update started
2019-08-22 10:11:44,553 [Worker-1] INFO  o.e.m.c.i.l.LifecycleMappingFactory - Using org.eclipse.m2e.jdt.JarLifecycleMapping lifecycle mapping for MavenProject: com.sept.rest.webservices:restful-web-services:0.0.1-SNAPSHOT @ /home/blahblah/Downloads/bamarket/restful-web-services/pom.xml.
2019-08-22 10:11:45,266 [Worker-1] INFO  o.e.m.j.i.AbstractJavaProjectConfigurator - Adding source folder /restful-web-services/src/main/java
2019-08-22 10:11:45,266 [Worker-1] INFO  o.e.m.j.i.AbstractJavaProjectConfigurator - Adding resource folder /restful-web-services/src/main/resources
2019-08-22 10:11:45,267 [Worker-1] INFO  o.e.m.j.i.AbstractJavaProjectConfigurator - Adding resource folder /restful-web-services/src/main/resources
2019-08-22 10:11:45,268 [Worker-1] INFO  o.e.m.j.i.AbstractJavaProjectConfigurator - Adding source folder /restful-web-services/src/test/java
2019-08-22 10:11:45,801 [Worker-1] INFO  o.e.m.c.i.p.ProjectConfigurationManager - Update completed: 2 sec
2019-08-22 10:11:47,189 [Worker-15] INFO  o.e.m.c.i.embedder.EclipseLogger - Using 'UTF-8' encoding to copy filtered resources.
2019-08-22 10:11:47,190 [Worker-15] INFO  o.e.m.c.i.embedder.EclipseLogger - Copying 1 resource
2019-08-22 10:11:47,207 [Worker-15] INFO  o.e.m.c.i.embedder.EclipseLogger - Copying 1 resource
2019-08-22 10:11:47,214 [Worker-15] INFO  o.e.m.c.i.embedder.EclipseLogger - Using 'UTF-8' encoding to copy filtered resources.
2019-08-22 10:11:47,214 [Worker-15] INFO  o.e.m.c.i.embedder.EclipseLogger - skip non existing resourceDirectory /home/blahblah/Downloads/bamarket/restful-web-services/src/test/resources
2019-08-22 10:11:59,833 [main] INFO  o.e.m2e.actions.ExecutePomAction - Creating new launch configuration
2019-08-22 10:12:06,707 [Worker-9] INFO  o.e.m.i.launch.MavenLaunchDelegate - /home/blahblah/Downloads/bamarket/restful-web-services
2019-08-22 10:12:06,708 [Worker-9] INFO  o.e.m.i.launch.MavenLaunchDelegate -  mvn -B compile
2019-08-22 10:16:18,238 [Worker-3] INFO  o.e.m.c.i.embedder.EclipseLogger - Using 'UTF-8' encoding to copy filtered resources.
2019-08-22 10:16:18,312 [Worker-3] INFO  o.e.m.c.i.embedder.EclipseLogger - Copying 1 resource
2019-08-22 10:16:18,326 [Worker-3] INFO  o.e.m.c.i.embedder.EclipseLogger - Copying 1 resource
2019-08-22 10:16:18,332 [Worker-3] INFO  o.e.m.c.i.embedder.EclipseLogger - Using 'UTF-8' encoding to copy filtered resources.
2019-08-22 10:16:18,333 [Worker-3] INFO  o.e.m.c.i.embedder.EclipseLogger - skip non existing resourceDirectory /home/blahblah/Downloads/bamarket/restful-web-services/src/test/resources
2019-08-22 10:16:27,584 [Worker-3] INFO  o.e.m.c.i.embedder.EclipseLogger - Using 'UTF-8' encoding to copy filtered resources.
2019-08-22 10:16:27,585 [Worker-3] INFO  o.e.m.c.i.embedder.EclipseLogger - Copying 1 resource
2019-08-22 10:16:27,586 [Worker-3] INFO  o.e.m.c.i.embedder.EclipseLogger - Copying 1 resource
2019-08-22 10:16:27,588 [Worker-3] INFO  o.e.m.c.i.embedder.EclipseLogger - Using 'UTF-8' encoding to copy filtered resources.
2019-08-22 10:16:27,589 [Worker-3] INFO  o.e.m.c.i.embedder.EclipseLogger - skip non existing resourceDirectory /home/blahblah/Downloads/bamarket/restful-web-services/src/test/resources
2019-08-22 10:17:15,303 [Worker-9] WARN  o.e.r.models.ModelRepository - Failed to download org.eclipse.recommenders:index::zip:0.0.0
org.eclipse.aether.resolution.ArtifactResolutionException: Could not find artifact org.eclipse.recommenders:index:zip:0.0.0-SNAPSHOT in models (http://download.eclipse.org/recommenders/models/oxygen/)
	at org.eclipse.aether.internal.impl.DefaultArtifactResolver.resolve(DefaultArtifactResolver.java:453) ~[na:na]
	at org.eclipse.aether.internal.impl.DefaultArtifactResolver.resolveArtifacts(DefaultArtifactResolver.java:255) ~[na:na]
	at org.eclipse.aether.internal.impl.DefaultArtifactResolver.resolveArtifact(DefaultArtifactResolver.java:232) ~[na:na]
	at org.eclipse.aether.internal.impl.DefaultRepositorySystem.resolveArtifact(DefaultRepositorySystem.java:303) ~[na:na]
	at org.eclipse.recommenders.models.ModelRepository.resolveInternal(ModelRepository.java:193) [org.eclipse.recommenders.models_2.5.2.v20180401-1226.jar:na]
	at org.eclipse.recommenders.models.ModelRepository.resolve(ModelRepository.java:172) [org.eclipse.recommenders.models_2.5.2.v20180401-1226.jar:na]
	at org.eclipse.recommenders.internal.models.rcp.EclipseModelRepository.resolve(EclipseModelRepository.java:168) [org.eclipse.recommenders.models.rcp_2.5.2.v20180401-1226.jar:na]
	at org.eclipse.recommenders.internal.models.rcp.DownloadModelArchiveJob.run(DownloadModelArchiveJob.java:76) [org.eclipse.recommenders.models.rcp_2.5.2.v20180401-1226.jar:na]
	at org.eclipse.core.internal.jobs.Worker.run(Worker.java:56) [org.eclipse.core.jobs_3.9.3.v20180115-1757.jar:na]
Caused by: org.eclipse.aether.transfer.ArtifactNotFoundException: Could not find artifact org.eclipse.recommenders:index:zip:0.0.0-SNAPSHOT in models (http://download.eclipse.org/recommenders/models/oxygen/)
	at org.eclipse.aether.connector.basic.ArtifactTransportListener.transferFailed(ArtifactTransportListener.java:48) ~[org.apache.maven.resolver.connector.basic_1.0.3.v20170405-0725.jar:1.0.3]
	at org.eclipse.aether.connector.basic.BasicRepositoryConnector$TaskRunner.run(BasicRepositoryConnector.java:364) ~[org.apache.maven.resolver.connector.basic_1.0.3.v20170405-0725.jar:1.0.3]
	at org.eclipse.aether.util.concurrency.RunnableErrorForwarder$1.run(RunnableErrorForwarder.java:76) ~[na:na]
	at org.eclipse.aether.connector.basic.BasicRepositoryConnector$DirectExecutor.execute(BasicRepositoryConnector.java:590) ~[org.apache.maven.resolver.connector.basic_1.0.3.v20170405-0725.jar:1.0.3]
	at org.eclipse.aether.connector.basic.BasicRepositoryConnector.get(BasicRepositoryConnector.java:258) ~[org.apache.maven.resolver.connector.basic_1.0.3.v20170405-0725.jar:1.0.3]
	at org.eclipse.aether.internal.impl.DefaultArtifactResolver.performDownloads(DefaultArtifactResolver.java:529) ~[na:na]
	at org.eclipse.aether.internal.impl.DefaultArtifactResolver.resolve(DefaultArtifactResolver.java:430) ~[na:na]
	... 8 common frames omitted
2019-08-22 10:17:27,932 [Worker-9] INFO  o.e.m.c.i.embedder.EclipseLogger - Using 'UTF-8' encoding to copy filtered resources.
2019-08-22 10:17:27,933 [Worker-9] INFO  o.e.m.c.i.embedder.EclipseLogger - Copying 1 resource
2019-08-22 10:17:27,935 [Worker-9] INFO  o.e.m.c.i.embedder.EclipseLogger - Copying 1 resource
2019-08-22 10:17:27,938 [Worker-9] INFO  o.e.m.c.i.embedder.EclipseLogger - Using 'UTF-8' encoding to copy filtered resources.
2019-08-22 10:17:27,939 [Worker-9] INFO  o.e.m.c.i.embedder.EclipseLogger - skip non existing resourceDirectory /home/blahblah/Downloads/bamarket/restful-web-services/src/test/resources
2019-08-22 10:17:28,955 [Worker-7] INFO  o.e.m.c.i.embedder.EclipseLogger - Using 'UTF-8' encoding to copy filtered resources.
2019-08-22 10:17:28,957 [Worker-7] INFO  o.e.m.c.i.embedder.EclipseLogger - Copying 1 resource
2019-08-22 10:17:28,958 [Worker-7] INFO  o.e.m.c.i.embedder.EclipseLogger - Copying 1 resource
2019-08-22 10:17:28,961 [Worker-7] INFO  o.e.m.c.i.embedder.EclipseLogger - Using 'UTF-8' encoding to copy filtered resources.
2019-08-22 10:17:28,962 [Worker-7] INFO  o.e.m.c.i.embedder.EclipseLogger - skip non existing resourceDirectory /home/blahblah/Downloads/bamarket/restful-web-services/src/test/resources
2019-08-22 10:19:30,756 [Worker-2] INFO  o.e.m.c.i.embedder.EclipseLogger - Using 'UTF-8' encoding to copy filtered resources.
2019-08-22 10:19:30,907 [Worker-2] INFO  o.e.m.c.i.embedder.EclipseLogger - Copying 1 resource
2019-08-22 10:19:31,254 [Worker-2] INFO  o.e.m.c.i.embedder.EclipseLogger - Copying 1 resource
2019-08-22 10:19:31,258 [Worker-2] INFO  o.e.m.c.i.embedder.EclipseLogger - Using 'UTF-8' encoding to copy filtered resources.
2019-08-22 10:19:31,273 [Worker-2] INFO  o.e.m.c.i.embedder.EclipseLogger - skip non existing resourceDirectory /home/blahblah/Downloads/bamarket/restful-web-services/src/test/resources
2019-08-22 10:20:20,836 [Worker-9] INFO  o.e.m.c.i.embedder.EclipseLogger - Using 'UTF-8' encoding to copy filtered resources.
2019-08-22 10:20:20,837 [Worker-9] INFO  o.e.m.c.i.embedder.EclipseLogger - Copying 1 resource
2019-08-22 10:20:20,838 [Worker-9] INFO  o.e.m.c.i.embedder.EclipseLogger - Copying 1 resource
2019-08-22 10:20:20,840 [Worker-9] INFO  o.e.m.c.i.embedder.EclipseLogger - Using 'UTF-8' encoding to copy filtered resources.
2019-08-22 10:20:20,840 [Worker-9] INFO  o.e.m.c.i.embedder.EclipseLogger - skip non existing resourceDirectory /home/blahblah/Downloads/bamarket/restful-web-services/src/test/resources
2019-08-22 10:24:06,064 [Worker-11] INFO  o.e.m.c.i.embedder.EclipseLogger - Using 'UTF-8' encoding to copy filtered resources.
2019-08-22 10:24:06,149 [Worker-11] INFO  o.e.m.c.i.embedder.EclipseLogger - Copying 1 resource
2019-08-22 10:24:06,163 [Worker-11] INFO  o.e.m.c.i.embedder.EclipseLogger - Copying 1 resource
2019-08-22 10:24:06,170 [Worker-11] INFO  o.e.m.c.i.embedder.EclipseLogger - Using 'UTF-8' encoding to copy filtered resources.
2019-08-22 10:24:06,200 [Worker-11] INFO  o.e.m.c.i.embedder.EclipseLogger - skip non existing resourceDirectory /home/blahblah/Downloads/bamarket/restful-web-services/src/test/resources
2019-08-22 10:25:04,810 [Worker-3] INFO  o.e.m.c.i.embedder.EclipseLogger - Using 'UTF-8' encoding to copy filtered resources.
2019-08-22 10:25:04,811 [Worker-3] INFO  o.e.m.c.i.embedder.EclipseLogger - Copying 1 resource
2019-08-22 10:25:04,813 [Worker-3] INFO  o.e.m.c.i.embedder.EclipseLogger - Copying 1 resource
2019-08-22 10:25:04,817 [Worker-3] INFO  o.e.m.c.i.embedder.EclipseLogger - Using 'UTF-8' encoding to copy filtered resources.
2019-08-22 10:25:04,817 [Worker-3] INFO  o.e.m.c.i.embedder.EclipseLogger - skip non existing resourceDirectory /home/blahblah/Downloads/bamarket/restful-web-services/src/test/resources
2019-08-22 10:25:58,011 [Worker-3] INFO  o.e.m.c.i.embedder.EclipseLogger - Using 'UTF-8' encoding to copy filtered resources.
2019-08-22 10:25:58,011 [Worker-3] INFO  o.e.m.c.i.embedder.EclipseLogger - Copying 1 resource
2019-08-22 10:25:58,011 [Worker-3] INFO  o.e.m.c.i.embedder.EclipseLogger - Copying 1 resource
2019-08-22 10:25:58,014 [Worker-3] INFO  o.e.m.c.i.embedder.EclipseLogger - Using 'UTF-8' encoding to copy filtered resources.
2019-08-22 10:25:58,014 [Worker-3] INFO  o.e.m.c.i.embedder.EclipseLogger - skip non existing resourceDirectory /home/blahblah/Downloads/bamarket/restful-web-services/src/test/resources
